<?xml version="1.0" encoding="UTF-8"?>
<testsuite xmlns:xsi="http://www.w3.org/2001/XMLSchema-instance" xsi:noNamespaceSchemaLocation="https://maven.apache.org/surefire/maven-surefire-plugin/xsd/surefire-test-report.xsd" version="3.0.2" name="com.example.DroolsEngine.DroolsEngineApplicationTests" time="6.919" tests="1" errors="0" skipped="0" failures="0">
  <properties>
[...]
</properties>
  <testcase name="contextLoads" classname="com.example.DroolsEngine.DroolsEngineApplicationTests" time="0.508">
    <system-out><![CDATA[13:58:40.972 [main] INFO org.springframework.test.context.support.AnnotationConfigContextLoaderUtils -- Could not detect default configuration classes for test class [com.example.DroolsEngine.DroolsEngineApplicationTests]: DroolsEngineApplicationTests does not declare any static, non-private, non-final, nested classes annotated with @Configuration.
13:58:41.114 [main] INFO org.springframework.boot.test.context.SpringBootTestContextBootstrapper -- Found @SpringBootConfiguration com.example.DroolsEngine.DroolsEngineApplication for test class com.example.DroolsEngine.DroolsEngineApplicationTests

  .   ____          _            __ _ _
 /\\ / ___'_ __ _ _(_)_ __  __ _ \ \ \ \
( ( )\___ | '_ | '_| | '_ \/ _` | \ \ \ \
 \\/  ___)| |_)| | | | | || (_| |  ) ) ) )
  '  |____| .__|_| |_|_| |_\__, | / / / /
 =========|_|==============|___/=/_/_/_/

 :: Spring Boot ::                (v3.5.5)

2025-11-11T13:58:41.585+05:30  INFO 27708 --- [DroolsEngine] [           main] c.e.D.DroolsEngineApplicationTests       : Starting DroolsEngineApplicationTests using Java 21.0.3 with PID 27708 (started by gella in C:\Users\gella\Downloads\Kiran_Project_Sem_Dockerization\New\Mtech_Mid_Project\DroolsEngine\DroolsEngine)
2025-11-11T13:58:41.585+05:30  INFO 27708 --- [DroolsEngine] [           main] c.e.D.DroolsEngineApplicationTests       : No active profile set, falling back to 1 default profile: "default"
2025-11-11T13:58:42.535+05:30  INFO 27708 --- [DroolsEngine] [           main] .s.d.r.c.RepositoryConfigurationDelegate : Bootstrapping Spring Data JPA repositories in DEFAULT mode.
2025-11-11T13:58:42.650+05:30  INFO 27708 --- [DroolsEngine] [           main] .s.d.r.c.RepositoryConfigurationDelegate : Finished Spring Data repository scanning in 89 ms. Found 7 JPA repository interfaces.
2025-11-11T13:58:43.344+05:30  INFO 27708 --- [DroolsEngine] [           main] o.hibernate.jpa.internal.util.LogHelper  : HHH000204: Processing PersistenceUnitInfo [name: default]
2025-11-11T13:58:43.427+05:30  INFO 27708 --- [DroolsEngine] [           main] org.hibernate.Version                    : HHH000412: Hibernate ORM core version 6.6.26.Final
2025-11-11T13:58:43.500+05:30  INFO 27708 --- [DroolsEngine] [           main] o.h.c.internal.RegionFactoryInitiator    : HHH000026: Second-level cache disabled
2025-11-11T13:58:43.899+05:30  INFO 27708 --- [DroolsEngine] [           main] o.s.o.j.p.SpringPersistenceUnitInfo      : No LoadTimeWeaver setup: ignoring JPA class transformer
2025-11-11T13:58:43.933+05:30  INFO 27708 --- [DroolsEngine] [           main] com.zaxxer.hikari.HikariDataSource       : HikariPool-1 - Starting...
2025-11-11T13:58:44.111+05:30  INFO 27708 --- [DroolsEngine] [           main] com.zaxxer.hikari.pool.HikariPool        : HikariPool-1 - Added connection com.mysql.cj.jdbc.ConnectionImpl@70c205bf
2025-11-11T13:58:44.111+05:30  INFO 27708 --- [DroolsEngine] [           main] com.zaxxer.hikari.HikariDataSource       : HikariPool-1 - Start completed.
2025-11-11T13:58:44.184+05:30  WARN 27708 --- [DroolsEngine] [           main] org.hibernate.orm.deprecation            : HHH90000025: MySQLDialect does not need to be specified explicitly using 'hibernate.dialect' (remove the property setting and it will be selected by default)
2025-11-11T13:58:44.206+05:30  INFO 27708 --- [DroolsEngine] [           main] org.hibernate.orm.connections.pooling    : HHH10001005: Database info:
	Database JDBC URL [Connecting through datasource 'HikariDataSource (HikariPool-1)']
	Database driver: undefined/unknown
	Database version: 8.0.37
	Autocommit mode: undefined/unknown
	Isolation level: undefined/unknown
	Minimum pool size: undefined/unknown
	Maximum pool size: undefined/unknown
2025-11-11T13:58:45.265+05:30  INFO 27708 --- [DroolsEngine] [           main] o.h.e.t.j.p.i.JtaPlatformInitiator       : HHH000489: No JTA platform available (set 'hibernate.transaction.jta.platform' to enable JTA platform integration)
2025-11-11T13:58:45.360+05:30  INFO 27708 --- [DroolsEngine] [           main] j.LocalContainerEntityManagerFactoryBean : Initialized JPA EntityManagerFactory for persistence unit 'default'
2025-11-11T13:58:46.164+05:30  WARN 27708 --- [DroolsEngine] [           main] o.d.c.kie.builder.impl.KieProject        : No files found for KieBase defaultKieBase
2025-11-11T13:58:46.243+05:30  INFO 27708 --- [DroolsEngine] [           main] eAuthenticationProviderManagerConfigurer : Global AuthenticationManager configured with AuthenticationProvider bean with name authenticationProvider
2025-11-11T13:58:46.243+05:30  WARN 27708 --- [DroolsEngine] [           main] r$InitializeUserDetailsManagerConfigurer : Global AuthenticationManager configured with an AuthenticationProvider bean. UserDetailsService beans will not be used by Spring Security for automatically configuring username/password login. Consider removing the AuthenticationProvider bean. Alternatively, consider using the UserDetailsService in a manually instantiated DaoAuthenticationProvider. If the current configuration is intentional, to turn off this warning, increase the logging level of 'org.springframework.security.config.annotation.authentication.configuration.InitializeUserDetailsBeanManagerConfigurer' to ERROR
2025-11-11T13:58:46.278+05:30  WARN 27708 --- [DroolsEngine] [           main] JpaBaseConfiguration$JpaWebConfiguration : spring.jpa.open-in-view is enabled by default. Therefore, database queries may be performed during view rendering. Explicitly configure spring.jpa.open-in-view to disable this warning
2025-11-11T13:58:47.207+05:30  INFO 27708 --- [DroolsEngine] [           main] c.e.D.DroolsEngineApplicationTests       : Started DroolsEngineApplicationTests in 5.92 seconds (process running for 7.024)
]]></system-out>
    <system-err><![CDATA[Mockito is currently self-attaching to enable the inline-mock-maker. This will no longer work in future releases of the JDK. Please add Mockito as an agent to your build as described in Mockito's documentation: https://javadoc.io/doc/org.mockito/mockito-core/latest/org.mockito/org/mockito/Mockito.html#0.3
WARNING: A Java agent has been loaded dynamically (C:\Users\gella\.m2\repository\net\bytebuddy\byte-buddy-agent\1.17.7\byte-buddy-agent-1.17.7.jar)
WARNING: If a serviceability tool is in use, please run with -XX:+EnableDynamicAgentLoading to hide this warning
WARNING: If a serviceability tool is not in use, please run with -Djdk.instrument.traceUsage for more information
WARNING: Dynamic loading of agents will be disallowed by default in a future release
]]></system-err>
  </testcase>
</testsuite>